# JRE version: OpenJDK Runtime Environment Temurin-17.0.4.1+1 (17.0.4.1+1) (build 17.0.4.1+1)
# Java VM: OpenJDK 64-Bit Server VM Temurin-17.0.4.1+1 (17.0.4.1+1, mixed mode, emulated-client, tiered, compressed oops, compressed class ptrs, g1 gc, windows-amd64)
GC Precious Log:
 CPUs: 12 total, 12 available
 Memory: 7829M
 Large Page Support: Disabled
 NUMA Support: Disabled
 Compressed Oops: Enabled (32-bit)
 Heap Region Size: 1M
 Heap Min Capacity: 8M
 Heap Initial Capacity: 124M
 Heap Max Capacity: 1958M
 Pre-touch: Disabled
 Parallel Workers: 10
 Concurrent Workers: 3
 Concurrent Refinement Workers: 10
 Periodic GC: Disabled
Heap:
 garbage-first heap   total 129024K, used 66265K [0x0000000085a00000, 0x0000000100000000)
  region size 1024K, 3 young (3072K), 3 survivors (3072K)
 Metaspace       used 34264K, committed 34624K, reserved 1081344K
  class space    used 4368K, committed 4544K, reserved 1048576K
GC Heap History (20 events):
Event: 2.111 GC heap after
{Heap after GC invocations=6 (full 0):
 garbage-first heap   total 45056K, used 12766K [0x0000000085a00000, 0x0000000100000000)
  region size 1024K, 1 young (1024K), 1 survivors (1024K)
 Metaspace       used 24766K, committed 24960K, reserved 1073152K
  class space    used 3053K, committed 3136K, reserved 1048576K
}
Event: 2.535 GC heap before
{Heap before GC invocations=6 (full 0):
 garbage-first heap   total 45056K, used 29150K [0x0000000085a00000, 0x0000000100000000)
  region size 1024K, 18 young (18432K), 1 survivors (1024K)
 Metaspace       used 27903K, committed 28160K, reserved 1081344K
  class space    used 3506K, committed 3648K, reserved 1048576K
}
Event: 2.540 GC heap after
{Heap after GC invocations=7 (full 0):
 garbage-first heap   total 45056K, used 15825K [0x0000000085a00000, 0x0000000100000000)
  region size 1024K, 3 young (3072K), 3 survivors (3072K)
 Metaspace       used 27903K, committed 28160K, reserved 1081344K
  class space    used 3506K, committed 3648K, reserved 1048576K
}
Event: 2.933 GC heap before
{Heap before GC invocations=7 (full 0):
 garbage-first heap   total 45056K, used 30161K [0x0000000085a00000, 0x0000000100000000)
  region size 1024K, 18 young (18432K), 3 survivors (3072K)
 Metaspace       used 30640K, committed 30912K, reserved 1081344K
  class space    used 3869K, committed 4032K, reserved 1048576K
}
Event: 2.938 GC heap after
{Heap after GC invocations=8 (full 0):
 garbage-first heap   total 64512K, used 16219K [0x0000000085a00000, 0x0000000100000000)
  region size 1024K, 2 young (2048K), 2 survivors (2048K)
 Metaspace       used 30640K, committed 30912K, reserved 1081344K
  class space    used 3869K, committed 4032K, reserved 1048576K
}
Event: 3.093 GC heap before
{Heap before GC invocations=8 (full 0):
 garbage-first heap   total 64512K, used 42843K [0x0000000085a00000, 0x0000000100000000)
  region size 1024K, 29 young (29696K), 2 survivors (2048K)
 Metaspace       used 32504K, committed 32832K, reserved 1081344K
  class space    used 4105K, committed 4224K, reserved 1048576K
}
Event: 3.101 GC heap after
{Heap after GC invocations=9 (full 0):
 garbage-first heap   total 64512K, used 20895K [0x0000000085a00000, 0x0000000100000000)
  region size 1024K, 4 young (4096K), 4 survivors (4096K)
 Metaspace       used 32504K, committed 32832K, reserved 1081344K
  class space    used 4105K, committed 4224K, reserved 1048576K
}
Event: 3.144 GC heap before
{Heap before GC invocations=9 (full 0):
 garbage-first heap   total 64512K, used 44447K [0x0000000085a00000, 0x0000000100000000)
  region size 1024K, 27 young (27648K), 4 survivors (4096K)
 Metaspace       used 32847K, committed 33152K, reserved 1081344K
  class space    used 4161K, committed 4288K, reserved 1048576K
}
Event: 3.152 GC heap after
{Heap after GC invocations=10 (full 0):
 garbage-first heap   total 64512K, used 25600K [0x0000000085a00000, 0x0000000100000000)
  region size 1024K, 4 young (4096K), 4 survivors (4096K)
 Metaspace       used 32847K, committed 33152K, reserved 1081344K
  class space    used 4161K, committed 4288K, reserved 1048576K
}
Event: 3.189 GC heap before
{Heap before GC invocations=10 (full 0):
 garbage-first heap   total 64512K, used 46080K [0x0000000085a00000, 0x0000000100000000)
  region size 1024K, 24 young (24576K), 4 survivors (4096K)
 Metaspace       used 32848K, committed 33152K, reserved 1081344K
  class space    used 4161K, committed 4288K, reserved 1048576K
}
Event: 3.195 GC heap after
{Heap after GC invocations=11 (full 0):
 garbage-first heap   total 64512K, used 29056K [0x0000000085a00000, 0x0000000100000000)
  region size 1024K, 3 young (3072K), 3 survivors (3072K)
 Metaspace       used 32848K, committed 33152K, reserved 1081344K
  class space    used 4161K, committed 4288K, reserved 1048576K
}
Event: 3.220 GC heap before
{Heap before GC invocations=11 (full 0):
 garbage-first heap   total 64512K, used 46464K [0x0000000085a00000, 0x0000000100000000)
  region size 1024K, 21 young (21504K), 3 survivors (3072K)
 Metaspace       used 32851K, committed 33152K, reserved 1081344K
  class space    used 4161K, committed 4288K, reserved 1048576K
}
Event: 3.229 GC heap after
{Heap after GC invocations=12 (full 0):
 garbage-first heap   total 129024K, used 33596K [0x0000000085a00000, 0x0000000100000000)
  region size 1024K, 3 young (3072K), 3 survivors (3072K)
 Metaspace       used 32851K, committed 33152K, reserved 1081344K
  class space    used 4161K, committed 4288K, reserved 1048576K
}
Event: 3.369 GC heap before
{Heap before GC invocations=12 (full 0):
 garbage-first heap   total 129024K, used 94012K [0x0000000085a00000, 0x0000000100000000)
  region size 1024K, 62 young (63488K), 3 survivors (3072K)
 Metaspace       used 33425K, committed 33728K, reserved 1081344K
  class space    used 4250K, committed 4416K, reserved 1048576K
}
Event: 3.388 GC heap after
{Heap after GC invocations=13 (full 0):
 garbage-first heap   total 129024K, used 50176K [0x0000000085a00000, 0x0000000100000000)
  region size 1024K, 8 young (8192K), 8 survivors (8192K)
 Metaspace       used 33425K, committed 33728K, reserved 1081344K
  class space    used 4250K, committed 4416K, reserved 1048576K
}
Event: 3.451 GC heap before
{Heap before GC invocations=13 (full 0):
 garbage-first heap   total 129024K, used 91136K [0x0000000085a00000, 0x0000000100000000)
  region size 1024K, 48 young (49152K), 8 survivors (8192K)
 Metaspace       used 34068K, committed 34432K, reserved 1081344K
  class space    used 4344K, committed 4544K, reserved 1048576K
}
Event: 3.473 GC heap after
{Heap after GC invocations=14 (full 0):
 garbage-first heap   total 129024K, used 62742K [0x0000000085a00000, 0x0000000100000000)
  region size 1024K, 6 young (6144K), 6 survivors (6144K)
 Metaspace       used 34068K, committed 34432K, reserved 1081344K
  class space    used 4344K, committed 4544K, reserved 1048576K
}
Event: 3.484 GC heap before
{Heap before GC invocations=14 (full 0):
 garbage-first heap   total 129024K, used 92438K [0x0000000085a00000, 0x0000000100000000)
  region size 1024K, 36 young (36864K), 6 survivors (6144K)
 Metaspace       used 34114K, committed 34432K, reserved 1081344K
  class space    used 4352K, committed 4544K, reserved 1048576K
}
Event: 3.488 GC heap after
{Heap after GC invocations=15 (full 0):
 garbage-first heap   total 129024K, used 65952K [0x0000000085a00000, 0x0000000100000000)
  region size 1024K, 3 young (3072K), 3 survivors (3072K)
 Metaspace       used 34114K, committed 34432K, reserved 1081344K
  class space    used 4352K, committed 4544K, reserved 1048576K
}
Event: 3.499 GC heap before
{Heap before GC invocations=15 (full 0):
 garbage-first heap   total 129024K, used 96672K [0x0000000085a00000, 0x0000000100000000)
  region size 1024K, 34 young (34816K), 3 survivors (3072K)
 Metaspace       used 34264K, committed 34624K, reserved 1081344K
  class space    used 4368K, committed 4544K, reserved 1048576K
}

