# JRE version: OpenJDK Runtime Environment Temurin-17.0.4.1+1 (17.0.4.1+1) (build 17.0.4.1+1)
# Java VM: OpenJDK 64-Bit Server VM Temurin-17.0.4.1+1 (17.0.4.1+1, mixed mode, emulated-client, tiered, compressed oops, compressed class ptrs, g1 gc, windows-amd64)
GC Precious Log:
 CPUs: 12 total, 12 available
 Memory: 7829M
 Large Page Support: Disabled
 NUMA Support: Disabled
 Compressed Oops: Enabled (32-bit)
 Heap Region Size: 1M
 Heap Min Capacity: 8M
 Heap Initial Capacity: 124M
 Heap Max Capacity: 1958M
 Pre-touch: Disabled
 Parallel Workers: 10
 Concurrent Workers: 3
 Concurrent Refinement Workers: 10
 Periodic GC: Disabled
Heap:
 garbage-first heap   total 406528K, used 102265K [0x0000000085a00000, 0x0000000100000000)
  region size 1024K, 9 young (9216K), 9 survivors (9216K)
 Metaspace       used 36234K, committed 36544K, reserved 1081344K
  class space    used 4724K, committed 4864K, reserved 1048576K
GC Heap History (20 events):
Event: 16.594 GC heap after
{Heap after GC invocations=14 (full 0):
 garbage-first heap   total 90112K, used 44286K [0x0000000085a00000, 0x0000000100000000)
  region size 1024K, 4 young (4096K), 4 survivors (4096K)
 Metaspace       used 33903K, committed 34240K, reserved 1081344K
  class space    used 4324K, committed 4480K, reserved 1048576K
}
Event: 16.728 GC heap before
{Heap before GC invocations=14 (full 0):
 garbage-first heap   total 90112K, used 57598K [0x0000000085a00000, 0x0000000100000000)
  region size 1024K, 19 young (19456K), 4 survivors (4096K)
 Metaspace       used 34572K, committed 34944K, reserved 1081344K
  class space    used 4417K, committed 4608K, reserved 1048576K
}
Event: 16.733 GC heap after
{Heap after GC invocations=15 (full 0):
 garbage-first heap   total 182272K, used 48534K [0x0000000085a00000, 0x0000000100000000)
  region size 1024K, 4 young (4096K), 4 survivors (4096K)
 Metaspace       used 34572K, committed 34944K, reserved 1081344K
  class space    used 4417K, committed 4608K, reserved 1048576K
}
Event: 16.831 GC heap before
{Heap before GC invocations=15 (full 0):
 garbage-first heap   total 182272K, used 117142K [0x0000000085a00000, 0x0000000100000000)
  region size 1024K, 70 young (71680K), 4 survivors (4096K)
 Metaspace       used 35142K, committed 35520K, reserved 1081344K
  class space    used 4506K, committed 4672K, reserved 1048576K
}
Event: 16.851 GC heap after
{Heap after GC invocations=16 (full 0):
 garbage-first heap   total 182272K, used 64247K [0x0000000085a00000, 0x0000000100000000)
  region size 1024K, 9 young (9216K), 9 survivors (9216K)
 Metaspace       used 35142K, committed 35520K, reserved 1081344K
  class space    used 4506K, committed 4672K, reserved 1048576K
}
Event: 16.861 GC heap before
{Heap before GC invocations=16 (full 0):
 garbage-first heap   total 182272K, used 116471K [0x0000000085a00000, 0x0000000100000000)
  region size 1024K, 61 young (62464K), 9 survivors (9216K)
 Metaspace       used 35149K, committed 35520K, reserved 1081344K
  class space    used 4506K, committed 4672K, reserved 1048576K
}
Event: 16.865 GC heap after
{Heap after GC invocations=17 (full 0):
 garbage-first heap   total 182272K, used 67311K [0x0000000085a00000, 0x0000000100000000)
  region size 1024K, 3 young (3072K), 3 survivors (3072K)
 Metaspace       used 35149K, committed 35520K, reserved 1081344K
  class space    used 4506K, committed 4672K, reserved 1048576K
}
Event: 16.873 GC heap before
{Heap before GC invocations=17 (full 0):
 garbage-first heap   total 182272K, used 121583K [0x0000000085a00000, 0x0000000100000000)
  region size 1024K, 57 young (58368K), 3 survivors (3072K)
 Metaspace       used 35162K, committed 35520K, reserved 1081344K
  class space    used 4511K, committed 4672K, reserved 1048576K
}
Event: 16.875 GC heap after
{Heap after GC invocations=18 (full 0):
 garbage-first heap   total 182272K, used 69313K [0x0000000085a00000, 0x0000000100000000)
  region size 1024K, 5 young (5120K), 5 survivors (5120K)
 Metaspace       used 35162K, committed 35520K, reserved 1081344K
  class space    used 4511K, committed 4672K, reserved 1048576K
}
Event: 16.884 GC heap before
{Heap before GC invocations=18 (full 0):
 garbage-first heap   total 182272K, used 128705K [0x0000000085a00000, 0x0000000100000000)
  region size 1024K, 64 young (65536K), 5 survivors (5120K)
 Metaspace       used 35166K, committed 35520K, reserved 1081344K
  class space    used 4513K, committed 4672K, reserved 1048576K
}
Event: 16.889 GC heap after
{Heap after GC invocations=19 (full 0):
 garbage-first heap   total 406528K, used 72103K [0x0000000085a00000, 0x0000000100000000)
  region size 1024K, 6 young (6144K), 6 survivors (6144K)
 Metaspace       used 35166K, committed 35520K, reserved 1081344K
  class space    used 4513K, committed 4672K, reserved 1048576K
}
Event: 16.952 GC heap before
{Heap before GC invocations=19 (full 0):
 garbage-first heap   total 406528K, used 252327K [0x0000000085a00000, 0x0000000100000000)
  region size 1024K, 183 young (187392K), 6 survivors (6144K)
 Metaspace       used 35327K, committed 35648K, reserved 1081344K
  class space    used 4539K, committed 4672K, reserved 1048576K
}
Event: 16.957 GC heap after
{Heap after GC invocations=20 (full 0):
 garbage-first heap   total 406528K, used 79147K [0x0000000085a00000, 0x0000000100000000)
  region size 1024K, 12 young (12288K), 12 survivors (12288K)
 Metaspace       used 35327K, committed 35648K, reserved 1081344K
  class space    used 4539K, committed 4672K, reserved 1048576K
}
Event: 17.044 GC heap before
{Heap before GC invocations=20 (full 0):
 garbage-first heap   total 406528K, used 283947K [0x0000000085a00000, 0x0000000100000000)
  region size 1024K, 214 young (219136K), 12 survivors (12288K)
 Metaspace       used 35774K, committed 36160K, reserved 1081344K
  class space    used 4626K, committed 4800K, reserved 1048576K
}
Event: 17.051 GC heap after
{Heap after GC invocations=21 (full 0):
 garbage-first heap   total 406528K, used 87360K [0x0000000085a00000, 0x0000000100000000)
  region size 1024K, 20 young (20480K), 20 survivors (20480K)
 Metaspace       used 35774K, committed 36160K, reserved 1081344K
  class space    used 4626K, committed 4800K, reserved 1048576K
}
Event: 17.189 GC heap before
{Heap before GC invocations=22 (full 0):
 garbage-first heap   total 406528K, used 308544K [0x0000000085a00000, 0x0000000100000000)
  region size 1024K, 238 young (243712K), 20 survivors (20480K)
 Metaspace       used 36168K, committed 36480K, reserved 1081344K
  class space    used 4708K, committed 4864K, reserved 1048576K
}
Event: 17.270 GC heap after
{Heap after GC invocations=23 (full 0):
 garbage-first heap   total 406528K, used 96568K [0x0000000085a00000, 0x0000000100000000)
  region size 1024K, 26 young (26624K), 26 survivors (26624K)
 Metaspace       used 36168K, committed 36480K, reserved 1081344K
  class space    used 4708K, committed 4864K, reserved 1048576K
}
Event: 17.274 GC heap before
{Heap before GC invocations=23 (full 0):
 garbage-first heap   total 406528K, used 99640K [0x0000000085a00000, 0x0000000100000000)
  region size 1024K, 30 young (30720K), 26 survivors (26624K)
 Metaspace       used 36170K, committed 36480K, reserved 1081344K
  class space    used 4709K, committed 4864K, reserved 1048576K
}
Event: 17.283 GC heap after
{Heap after GC invocations=24 (full 0):
 garbage-first heap   total 406528K, used 97013K [0x0000000085a00000, 0x0000000100000000)
  region size 1024K, 4 young (4096K), 4 survivors (4096K)
 Metaspace       used 36170K, committed 36480K, reserved 1081344K
  class space    used 4709K, committed 4864K, reserved 1048576K
}
Event: 17.405 GC heap before
{Heap before GC invocations=24 (full 0):
 garbage-first heap   total 406528K, used 323317K [0x0000000085a00000, 0x0000000100000000)
  region size 1024K, 226 young (231424K), 4 survivors (4096K)
 Metaspace       used 36234K, committed 36544K, reserved 1081344K
  class space    used 4724K, committed 4864K, reserved 1048576K
}

